android2/app/build/intermediates/manifest_merge_blame_file/debug/manifest-merger-blame-debug-report.txt
1<?xml version="1.0" encoding="utf-8"?>
2<manifest xmlns:android="http://schemas.android.com/apk/res/android"
3    package="com.benito.delivfast"
4    android:versionCode="1"
5    android:versionName="1.0" >
6
7    <uses-sdk
8        android:minSdkVersion="22"
8-->src\main\AndroidManifest.xml
9        android:targetSdkVersion="33" />
9-->src\main\AndroidManifest.xml
10
11    <!-- Permissions -->
12
13    <uses-permission android:name="android.permission.INTERNET" />
13-->src\main\AndroidManifest.xml:43:5-67
13-->src\main\AndroidManifest.xml:43:22-64
14    <uses-permission android:name="android.permission.ACCESS_NETWORK_STATE" />
14-->[com.google.firebase:firebase-messaging:23.2.1] AndroidManifest.xml:22:5-79
14-->[com.google.firebase:firebase-messaging:23.2.1] AndroidManifest.xml:22:22-76
15    <uses-permission android:name="android.permission.POST_NOTIFICATIONS" />
15-->[com.google.firebase:firebase-messaging:23.2.1] AndroidManifest.xml:23:5-77
15-->[com.google.firebase:firebase-messaging:23.2.1] AndroidManifest.xml:23:22-74
16    <uses-permission android:name="android.permission.WAKE_LOCK" /> <!-- Required by older versions of Google Play services to create IID tokens -->
16-->[com.google.firebase:firebase-messaging:23.2.1] AndroidManifest.xml:24:5-68
16-->[com.google.firebase:firebase-messaging:23.2.1] AndroidManifest.xml:24:22-65
17    <uses-permission android:name="com.google.android.c2dm.permission.RECEIVE" />
17-->[com.google.firebase:firebase-messaging:23.2.1] AndroidManifest.xml:26:5-82
17-->[com.google.firebase:firebase-messaging:23.2.1] AndroidManifest.xml:26:22-79
18    <uses-permission android:name="com.google.android.gms.permission.AD_ID" />
18-->[com.google.android.gms:play-services-measurement-api:21.3.0] AndroidManifest.xml:25:5-79
18-->[com.google.android.gms:play-services-measurement-api:21.3.0] AndroidManifest.xml:25:22-76
19    <uses-permission android:name="com.google.android.finsky.permission.BIND_GET_INSTALL_REFERRER_SERVICE" />
19-->[com.google.android.gms:play-services-measurement:21.3.0] AndroidManifest.xml:26:5-110
19-->[com.google.android.gms:play-services-measurement:21.3.0] AndroidManifest.xml:26:22-107
20
21    <permission
21-->[androidx.core:core:1.10.0] AndroidManifest.xml:22:5-24:47
22        android:name="com.benito.delivfast.DYNAMIC_RECEIVER_NOT_EXPORTED_PERMISSION"
22-->[androidx.core:core:1.10.0] AndroidManifest.xml:23:9-81
23        android:protectionLevel="signature" />
23-->[androidx.core:core:1.10.0] AndroidManifest.xml:24:9-44
24
25    <uses-permission android:name="com.benito.delivfast.DYNAMIC_RECEIVER_NOT_EXPORTED_PERMISSION" />
25-->[androidx.core:core:1.10.0] AndroidManifest.xml:26:5-97
25-->[androidx.core:core:1.10.0] AndroidManifest.xml:26:22-94
26
27    <application
27-->src\main\AndroidManifest.xml:4:5-39:19
28        android:allowBackup="true"
28-->src\main\AndroidManifest.xml:5:9-35
29        android:appComponentFactory="androidx.core.app.CoreComponentFactory"
29-->[androidx.core:core:1.10.0] AndroidManifest.xml:28:18-86
30        android:debuggable="true"
31        android:icon="@mipmap/ic_launcher"
31-->src\main\AndroidManifest.xml:6:9-43
32        android:label="@string/app_name"
32-->src\main\AndroidManifest.xml:7:9-41
33        android:roundIcon="@mipmap/ic_launcher_round"
33-->src\main\AndroidManifest.xml:8:9-54
34        android:supportsRtl="true"
34-->src\main\AndroidManifest.xml:9:9-35
35        android:testOnly="true"
36        android:theme="@style/AppTheme" >
36-->src\main\AndroidManifest.xml:10:9-40
37        <activity
37-->src\main\AndroidManifest.xml:12:9-25:20
38            android:name="com.benito.delivfast.MainActivity"
38-->src\main\AndroidManifest.xml:14:13-41
39            android:configChanges="orientation|keyboardHidden|keyboard|screenSize|locale|smallestScreenSize|screenLayout|uiMode"
39-->src\main\AndroidManifest.xml:13:13-129
40            android:exported="true"
40-->src\main\AndroidManifest.xml:18:13-36
41            android:label="@string/title_activity_main"
41-->src\main\AndroidManifest.xml:15:13-56
42            android:launchMode="singleTask"
42-->src\main\AndroidManifest.xml:17:13-44
43            android:theme="@style/AppTheme.NoActionBarLaunch" >
43-->src\main\AndroidManifest.xml:16:13-62
44            <intent-filter>
44-->src\main\AndroidManifest.xml:20:13-23:29
45                <action android:name="android.intent.action.MAIN" />
45-->src\main\AndroidManifest.xml:21:17-69
45-->src\main\AndroidManifest.xml:21:25-66
46
47                <category android:name="android.intent.category.LAUNCHER" />
47-->src\main\AndroidManifest.xml:22:17-77
47-->src\main\AndroidManifest.xml:22:27-74
48            </intent-filter>
49        </activity>
50
51        <provider
52            android:name="androidx.core.content.FileProvider"
52-->src\main\AndroidManifest.xml:28:13-62
53            android:authorities="com.benito.delivfast.fileprovider"
53-->src\main\AndroidManifest.xml:29:13-64
54            android:exported="false"
54-->src\main\AndroidManifest.xml:30:13-37
55            android:grantUriPermissions="true" >
55-->src\main\AndroidManifest.xml:31:13-47
56            <meta-data
56-->src\main\AndroidManifest.xml:32:13-36:29
57                android:name="android.support.FILE_PROVIDER_PATHS"
57-->src\main\AndroidManifest.xml:33:17-67
58                android:resource="@xml/file_paths" >
58-->src\main\AndroidManifest.xml:34:17-51
59            </meta-data>
60        </provider>
61
62        <service
62-->[:capacitor-push-notifications] AndroidManifest.xml:8:9-14:19
63            android:name="com.capacitorjs.plugins.pushnotifications.MessagingService"
63-->[:capacitor-push-notifications] AndroidManifest.xml:9:13-86
64            android:exported="false" >
64-->[:capacitor-push-notifications] AndroidManifest.xml:10:13-37
65            <intent-filter>
65-->[:capacitor-push-notifications] AndroidManifest.xml:11:13-13:29
66                <action android:name="com.google.firebase.MESSAGING_EVENT" />
66-->[:capacitor-push-notifications] AndroidManifest.xml:12:17-78
66-->[:capacitor-push-notifications] AndroidManifest.xml:12:25-75
67            </intent-filter>
68        </service>
69
70        <receiver
70-->[com.google.firebase:firebase-messaging:23.2.1] AndroidManifest.xml:29:9-36:20
71            android:name="com.google.firebase.iid.FirebaseInstanceIdReceiver"
71-->[com.google.firebase:firebase-messaging:23.2.1] AndroidManifest.xml:30:13-78
72            android:exported="true"
72-->[com.google.firebase:firebase-messaging:23.2.1] AndroidManifest.xml:31:13-36
73            android:permission="com.google.android.c2dm.permission.SEND" >
73-->[com.google.firebase:firebase-messaging:23.2.1] AndroidManifest.xml:32:13-73
74            <intent-filter>
74-->[com.google.firebase:firebase-messaging:23.2.1] AndroidManifest.xml:33:13-35:29
75                <action android:name="com.google.android.c2dm.intent.RECEIVE" />
75-->[com.google.firebase:firebase-messaging:23.2.1] AndroidManifest.xml:34:17-81
75-->[com.google.firebase:firebase-messaging:23.2.1] AndroidManifest.xml:34:25-78
76            </intent-filter>
77        </receiver>
78        <!--
79             FirebaseMessagingService performs security checks at runtime,
80             but set to not exported to explicitly avoid allowing another app to call it.
81        -->
82        <service
82-->[com.google.firebase:firebase-messaging:23.2.1] AndroidManifest.xml:42:9-49:19
83            android:name="com.google.firebase.messaging.FirebaseMessagingService"
83-->[com.google.firebase:firebase-messaging:23.2.1] AndroidManifest.xml:43:13-82
84            android:directBootAware="true"
84-->[com.google.firebase:firebase-messaging:23.2.1] AndroidManifest.xml:44:13-43
85            android:exported="false" >
85-->[com.google.firebase:firebase-messaging:23.2.1] AndroidManifest.xml:45:13-37
86            <intent-filter android:priority="-500" >
86-->[:capacitor-push-notifications] AndroidManifest.xml:11:13-13:29
87                <action android:name="com.google.firebase.MESSAGING_EVENT" />
87-->[:capacitor-push-notifications] AndroidManifest.xml:12:17-78
87-->[:capacitor-push-notifications] AndroidManifest.xml:12:25-75
88            </intent-filter>
89        </service>
90        <service
90-->[com.google.firebase:firebase-messaging:23.2.1] AndroidManifest.xml:50:9-56:19
91            android:name="com.google.firebase.components.ComponentDiscoveryService"
91-->[com.google.firebase:firebase-messaging:23.2.1] AndroidManifest.xml:51:13-84
92            android:directBootAware="true"
92-->[com.google.firebase:firebase-common:20.3.3] AndroidManifest.xml:34:13-43
93            android:exported="false" >
93-->[com.google.firebase:firebase-messaging:23.2.1] AndroidManifest.xml:52:13-37
94            <meta-data
94-->[com.google.firebase:firebase-messaging:23.2.1] AndroidManifest.xml:53:13-55:85
95                android:name="com.google.firebase.components:com.google.firebase.messaging.FirebaseMessagingRegistrar"
95-->[com.google.firebase:firebase-messaging:23.2.1] AndroidManifest.xml:54:17-119
96                android:value="com.google.firebase.components.ComponentRegistrar" />
96-->[com.google.firebase:firebase-messaging:23.2.1] AndroidManifest.xml:55:17-82
97            <meta-data
97-->[com.google.firebase:firebase-datatransport:18.1.7] AndroidManifest.xml:27:13-29:85
98                android:name="com.google.firebase.components:com.google.firebase.datatransport.TransportRegistrar"
98-->[com.google.firebase:firebase-datatransport:18.1.7] AndroidManifest.xml:28:17-115
99                android:value="com.google.firebase.components.ComponentRegistrar" />
99-->[com.google.firebase:firebase-datatransport:18.1.7] AndroidManifest.xml:29:17-82
100            <meta-data
100-->[com.google.firebase:firebase-auth:22.1.2] AndroidManifest.xml:69:13-71:85
101                android:name="com.google.firebase.components:com.google.firebase.auth.FirebaseAuthRegistrar"
101-->[com.google.firebase:firebase-auth:22.1.2] AndroidManifest.xml:70:17-109
102                android:value="com.google.firebase.components.ComponentRegistrar" />
102-->[com.google.firebase:firebase-auth:22.1.2] AndroidManifest.xml:71:17-82
103            <meta-data
103-->[com.google.android.gms:play-services-measurement-api:21.3.0] AndroidManifest.xml:31:13-33:85
104                android:name="com.google.firebase.components:com.google.firebase.analytics.connector.internal.AnalyticsConnectorRegistrar"
104-->[com.google.android.gms:play-services-measurement-api:21.3.0] AndroidManifest.xml:32:17-139
105                android:value="com.google.firebase.components.ComponentRegistrar" />
105-->[com.google.android.gms:play-services-measurement-api:21.3.0] AndroidManifest.xml:33:17-82
106            <meta-data
106-->[com.google.firebase:firebase-installations:17.1.4] AndroidManifest.xml:15:13-17:85
107                android:name="com.google.firebase.components:com.google.firebase.installations.FirebaseInstallationsRegistrar"
107-->[com.google.firebase:firebase-installations:17.1.4] AndroidManifest.xml:16:17-127
108                android:value="com.google.firebase.components.ComponentRegistrar" />
108-->[com.google.firebase:firebase-installations:17.1.4] AndroidManifest.xml:17:17-82
109        </service>
110        <service
110-->[com.google.android.datatransport:transport-backend-cct:3.1.8] AndroidManifest.xml:28:9-34:19
111            android:name="com.google.android.datatransport.runtime.backends.TransportBackendDiscovery"
111-->[com.google.android.datatransport:transport-backend-cct:3.1.8] AndroidManifest.xml:29:13-103
112            android:exported="false" >
112-->[com.google.android.datatransport:transport-backend-cct:3.1.8] AndroidManifest.xml:30:13-37
113            <meta-data
113-->[com.google.android.datatransport:transport-backend-cct:3.1.8] AndroidManifest.xml:31:13-33:39
114                android:name="backend:com.google.android.datatransport.cct.CctBackendFactory"
114-->[com.google.android.datatransport:transport-backend-cct:3.1.8] AndroidManifest.xml:32:17-94
115                android:value="cct" />
115-->[com.google.android.datatransport:transport-backend-cct:3.1.8] AndroidManifest.xml:33:17-36
116        </service>
117        <service
117-->[com.google.android.datatransport:transport-runtime:3.1.8] AndroidManifest.xml:26:9-30:19
118            android:name="com.google.android.datatransport.runtime.scheduling.jobscheduling.JobInfoSchedulerService"
118-->[com.google.android.datatransport:transport-runtime:3.1.8] AndroidManifest.xml:27:13-117
119            android:exported="false"
119-->[com.google.android.datatransport:transport-runtime:3.1.8] AndroidManifest.xml:28:13-37
120            android:permission="android.permission.BIND_JOB_SERVICE" >
120-->[com.google.android.datatransport:transport-runtime:3.1.8] AndroidManifest.xml:29:13-69
121        </service>
122
123        <receiver
123-->[com.google.android.datatransport:transport-runtime:3.1.8] AndroidManifest.xml:32:9-34:40
124            android:name="com.google.android.datatransport.runtime.scheduling.jobscheduling.AlarmManagerSchedulerBroadcastReceiver"
124-->[com.google.android.datatransport:transport-runtime:3.1.8] AndroidManifest.xml:33:13-132
125            android:exported="false" />
125-->[com.google.android.datatransport:transport-runtime:3.1.8] AndroidManifest.xml:34:13-37
126
127        <activity
127-->[com.google.firebase:firebase-auth:22.1.2] AndroidManifest.xml:29:9-46:20
128            android:name="com.google.firebase.auth.internal.GenericIdpActivity"
128-->[com.google.firebase:firebase-auth:22.1.2] AndroidManifest.xml:30:13-80
129            android:excludeFromRecents="true"
129-->[com.google.firebase:firebase-auth:22.1.2] AndroidManifest.xml:31:13-46
130            android:exported="true"
130-->[com.google.firebase:firebase-auth:22.1.2] AndroidManifest.xml:32:13-36
131            android:launchMode="singleTask"
131-->[com.google.firebase:firebase-auth:22.1.2] AndroidManifest.xml:33:13-44
132            android:theme="@android:style/Theme.Translucent.NoTitleBar" >
132-->[com.google.firebase:firebase-auth:22.1.2] AndroidManifest.xml:34:13-72
133            <intent-filter>
133-->[com.google.firebase:firebase-auth:22.1.2] AndroidManifest.xml:35:13-45:29
134                <action android:name="android.intent.action.VIEW" />
134-->[com.google.firebase:firebase-auth:22.1.2] AndroidManifest.xml:36:17-69
134-->[com.google.firebase:firebase-auth:22.1.2] AndroidManifest.xml:36:25-66
135
136                <category android:name="android.intent.category.DEFAULT" />
136-->[com.google.firebase:firebase-auth:22.1.2] AndroidManifest.xml:38:17-76
136-->[com.google.firebase:firebase-auth:22.1.2] AndroidManifest.xml:38:27-73
137                <category android:name="android.intent.category.BROWSABLE" />
137-->[com.google.firebase:firebase-auth:22.1.2] AndroidManifest.xml:39:17-78
137-->[com.google.firebase:firebase-auth:22.1.2] AndroidManifest.xml:39:27-75
138
139                <data
139-->[com.google.firebase:firebase-auth:22.1.2] AndroidManifest.xml:41:17-44:51
140                    android:host="firebase.auth"
140-->[com.google.firebase:firebase-auth:22.1.2] AndroidManifest.xml:42:21-49
141                    android:path="/"
141-->[com.google.firebase:firebase-auth:22.1.2] AndroidManifest.xml:43:21-37
142                    android:scheme="genericidp" />
142-->[com.google.firebase:firebase-auth:22.1.2] AndroidManifest.xml:44:21-48
143            </intent-filter>
144        </activity>
145        <activity
145-->[com.google.firebase:firebase-auth:22.1.2] AndroidManifest.xml:47:9-64:20
146            android:name="com.google.firebase.auth.internal.RecaptchaActivity"
146-->[com.google.firebase:firebase-auth:22.1.2] AndroidManifest.xml:48:13-79
147            android:excludeFromRecents="true"
147-->[com.google.firebase:firebase-auth:22.1.2] AndroidManifest.xml:49:13-46
148            android:exported="true"
148-->[com.google.firebase:firebase-auth:22.1.2] AndroidManifest.xml:50:13-36
149            android:launchMode="singleTask"
149-->[com.google.firebase:firebase-auth:22.1.2] AndroidManifest.xml:51:13-44
150            android:theme="@android:style/Theme.Translucent.NoTitleBar" >
150-->[com.google.firebase:firebase-auth:22.1.2] AndroidManifest.xml:52:13-72
151            <intent-filter>
151-->[com.google.firebase:firebase-auth:22.1.2] AndroidManifest.xml:53:13-63:29
152                <action android:name="android.intent.action.VIEW" />
152-->[com.google.firebase:firebase-auth:22.1.2] AndroidManifest.xml:36:17-69
152-->[com.google.firebase:firebase-auth:22.1.2] AndroidManifest.xml:36:25-66
153
154                <category android:name="android.intent.category.DEFAULT" />
154-->[com.google.firebase:firebase-auth:22.1.2] AndroidManifest.xml:38:17-76
154-->[com.google.firebase:firebase-auth:22.1.2] AndroidManifest.xml:38:27-73
155                <category android:name="android.intent.category.BROWSABLE" />
155-->[com.google.firebase:firebase-auth:22.1.2] AndroidManifest.xml:39:17-78
155-->[com.google.firebase:firebase-auth:22.1.2] AndroidManifest.xml:39:27-75
156
157                <data
157-->[com.google.firebase:firebase-auth:22.1.2] AndroidManifest.xml:41:17-44:51
158                    android:host="firebase.auth"
158-->[com.google.firebase:firebase-auth:22.1.2] AndroidManifest.xml:42:21-49
159                    android:path="/"
159-->[com.google.firebase:firebase-auth:22.1.2] AndroidManifest.xml:43:21-37
160                    android:scheme="recaptcha" />
160-->[com.google.firebase:firebase-auth:22.1.2] AndroidManifest.xml:44:21-48
161            </intent-filter>
162        </activity>
163
164        <provider
164-->[com.google.firebase:firebase-common:20.3.3] AndroidManifest.xml:25:9-30:39
165            android:name="com.google.firebase.provider.FirebaseInitProvider"
165-->[com.google.firebase:firebase-common:20.3.3] AndroidManifest.xml:26:13-77
166            android:authorities="com.benito.delivfast.firebaseinitprovider"
166-->[com.google.firebase:firebase-common:20.3.3] AndroidManifest.xml:27:13-72
167            android:directBootAware="true"
167-->[com.google.firebase:firebase-common:20.3.3] AndroidManifest.xml:28:13-43
168            android:exported="false"
168-->[com.google.firebase:firebase-common:20.3.3] AndroidManifest.xml:29:13-37
169            android:initOrder="100" />
169-->[com.google.firebase:firebase-common:20.3.3] AndroidManifest.xml:30:13-36
170
171        <activity
171-->[com.google.android.gms:play-services-auth:19.0.0] AndroidManifest.xml:23:9-27:75
172            android:name="com.google.android.gms.auth.api.signin.internal.SignInHubActivity"
172-->[com.google.android.gms:play-services-auth:19.0.0] AndroidManifest.xml:24:13-93
173            android:excludeFromRecents="true"
173-->[com.google.android.gms:play-services-auth:19.0.0] AndroidManifest.xml:25:13-46
174            android:exported="false"
174-->[com.google.android.gms:play-services-auth:19.0.0] AndroidManifest.xml:26:13-37
175            android:theme="@android:style/Theme.Translucent.NoTitleBar" />
175-->[com.google.android.gms:play-services-auth:19.0.0] AndroidManifest.xml:27:13-72
176        <!--
177            Service handling Google Sign-In user revocation. For apps that do not integrate with
178            Google Sign-In, this service will never be started.
179        -->
180        <service
180-->[com.google.android.gms:play-services-auth:19.0.0] AndroidManifest.xml:33:9-37:51
181            android:name="com.google.android.gms.auth.api.signin.RevocationBoundService"
181-->[com.google.android.gms:play-services-auth:19.0.0] AndroidManifest.xml:34:13-89
182            android:exported="true"
182-->[com.google.android.gms:play-services-auth:19.0.0] AndroidManifest.xml:35:13-36
183            android:permission="com.google.android.gms.auth.api.signin.permission.REVOCATION_NOTIFICATION"
183-->[com.google.android.gms:play-services-auth:19.0.0] AndroidManifest.xml:36:13-107
184            android:visibleToInstantApps="true" />
184-->[com.google.android.gms:play-services-auth:19.0.0] AndroidManifest.xml:37:13-48
185
186        <receiver
186-->[com.google.android.gms:play-services-measurement:21.3.0] AndroidManifest.xml:29:9-33:20
187            android:name="com.google.android.gms.measurement.AppMeasurementReceiver"
187-->[com.google.android.gms:play-services-measurement:21.3.0] AndroidManifest.xml:30:13-85
188            android:enabled="true"
188-->[com.google.android.gms:play-services-measurement:21.3.0] AndroidManifest.xml:31:13-35
189            android:exported="false" >
189-->[com.google.android.gms:play-services-measurement:21.3.0] AndroidManifest.xml:32:13-37
190        </receiver>
191
192        <service
192-->[com.google.android.gms:play-services-measurement:21.3.0] AndroidManifest.xml:35:9-38:40
193            android:name="com.google.android.gms.measurement.AppMeasurementService"
193-->[com.google.android.gms:play-services-measurement:21.3.0] AndroidManifest.xml:36:13-84
194            android:enabled="true"
194-->[com.google.android.gms:play-services-measurement:21.3.0] AndroidManifest.xml:37:13-35
195            android:exported="false" />
195-->[com.google.android.gms:play-services-measurement:21.3.0] AndroidManifest.xml:38:13-37
196        <service
196-->[com.google.android.gms:play-services-measurement:21.3.0] AndroidManifest.xml:39:9-43:72
197            android:name="com.google.android.gms.measurement.AppMeasurementJobService"
197-->[com.google.android.gms:play-services-measurement:21.3.0] AndroidManifest.xml:40:13-87
198            android:enabled="true"
198-->[com.google.android.gms:play-services-measurement:21.3.0] AndroidManifest.xml:41:13-35
199            android:exported="false"
199-->[com.google.android.gms:play-services-measurement:21.3.0] AndroidManifest.xml:42:13-37
200            android:permission="android.permission.BIND_JOB_SERVICE" />
200-->[com.google.android.gms:play-services-measurement:21.3.0] AndroidManifest.xml:43:13-69
201
202        <activity
202-->[com.google.android.gms:play-services-base:18.0.1] AndroidManifest.xml:20:9-22:45
203            android:name="com.google.android.gms.common.api.GoogleApiActivity"
203-->[com.google.android.gms:play-services-base:18.0.1] AndroidManifest.xml:20:19-85
204            android:exported="false"
204-->[com.google.android.gms:play-services-base:18.0.1] AndroidManifest.xml:22:19-43
205            android:theme="@android:style/Theme.Translucent.NoTitleBar" />
205-->[com.google.android.gms:play-services-base:18.0.1] AndroidManifest.xml:21:19-78
206
207        <provider
207-->[androidx.emoji2:emoji2:1.2.0] AndroidManifest.xml:24:9-32:20
208            android:name="androidx.startup.InitializationProvider"
208-->[androidx.emoji2:emoji2:1.2.0] AndroidManifest.xml:25:13-67
209            android:authorities="com.benito.delivfast.androidx-startup"
209-->[androidx.emoji2:emoji2:1.2.0] AndroidManifest.xml:26:13-68
210            android:exported="false" >
210-->[androidx.emoji2:emoji2:1.2.0] AndroidManifest.xml:27:13-37
211            <meta-data
211-->[androidx.emoji2:emoji2:1.2.0] AndroidManifest.xml:29:13-31:52
212                android:name="androidx.emoji2.text.EmojiCompatInitializer"
212-->[androidx.emoji2:emoji2:1.2.0] AndroidManifest.xml:30:17-75
213                android:value="androidx.startup" />
213-->[androidx.emoji2:emoji2:1.2.0] AndroidManifest.xml:31:17-49
214            <meta-data
214-->[androidx.lifecycle:lifecycle-process:2.6.1] AndroidManifest.xml:29:13-31:52
215                android:name="androidx.lifecycle.ProcessLifecycleInitializer"
215-->[androidx.lifecycle:lifecycle-process:2.6.1] AndroidManifest.xml:30:17-78
216                android:value="androidx.startup" />
216-->[androidx.lifecycle:lifecycle-process:2.6.1] AndroidManifest.xml:31:17-49
217            <meta-data
217-->[androidx.profileinstaller:profileinstaller:1.3.0] AndroidManifest.xml:29:13-31:52
218                android:name="androidx.profileinstaller.ProfileInstallerInitializer"
218-->[androidx.profileinstaller:profileinstaller:1.3.0] AndroidManifest.xml:30:17-85
219                android:value="androidx.startup" />
219-->[androidx.profileinstaller:profileinstaller:1.3.0] AndroidManifest.xml:31:17-49
220        </provider>
221
222        <meta-data
222-->[com.google.android.gms:play-services-basement:18.1.0] AndroidManifest.xml:21:9-23:69
223            android:name="com.google.android.gms.version"
223-->[com.google.android.gms:play-services-basement:18.1.0] AndroidManifest.xml:22:13-58
224            android:value="@integer/google_play_services_version" />
224-->[com.google.android.gms:play-services-basement:18.1.0] AndroidManifest.xml:23:13-66
225
226        <receiver
226-->[androidx.profileinstaller:profileinstaller:1.3.0] AndroidManifest.xml:34:9-52:20
227            android:name="androidx.profileinstaller.ProfileInstallReceiver"
227-->[androidx.profileinstaller:profileinstaller:1.3.0] AndroidManifest.xml:35:13-76
228            android:directBootAware="false"
228-->[androidx.profileinstaller:profileinstaller:1.3.0] AndroidManifest.xml:36:13-44
229            android:enabled="true"
229-->[androidx.profileinstaller:profileinstaller:1.3.0] AndroidManifest.xml:37:13-35
230            android:exported="true"
230-->[androidx.profileinstaller:profileinstaller:1.3.0] AndroidManifest.xml:38:13-36
231            android:permission="android.permission.DUMP" >
231-->[androidx.profileinstaller:profileinstaller:1.3.0] AndroidManifest.xml:39:13-57
232            <intent-filter>
232-->[androidx.profileinstaller:profileinstaller:1.3.0] AndroidManifest.xml:40:13-42:29
233                <action android:name="androidx.profileinstaller.action.INSTALL_PROFILE" />
233-->[androidx.profileinstaller:profileinstaller:1.3.0] AndroidManifest.xml:41:17-91
233-->[androidx.profileinstaller:profileinstaller:1.3.0] AndroidManifest.xml:41:25-88
234            </intent-filter>
235            <intent-filter>
235-->[androidx.profileinstaller:profileinstaller:1.3.0] AndroidManifest.xml:43:13-45:29
236                <action android:name="androidx.profileinstaller.action.SKIP_FILE" />
236-->[androidx.profileinstaller:profileinstaller:1.3.0] AndroidManifest.xml:44:17-85
236-->[androidx.profileinstaller:profileinstaller:1.3.0] AndroidManifest.xml:44:25-82
237            </intent-filter>
238            <intent-filter>
238-->[androidx.profileinstaller:profileinstaller:1.3.0] AndroidManifest.xml:46:13-48:29
239                <action android:name="androidx.profileinstaller.action.SAVE_PROFILE" />
239-->[androidx.profileinstaller:profileinstaller:1.3.0] AndroidManifest.xml:47:17-88
239-->[androidx.profileinstaller:profileinstaller:1.3.0] AndroidManifest.xml:47:25-85
240            </intent-filter>
241            <intent-filter>
241-->[androidx.profileinstaller:profileinstaller:1.3.0] AndroidManifest.xml:49:13-51:29
242                <action android:name="androidx.profileinstaller.action.BENCHMARK_OPERATION" />
242-->[androidx.profileinstaller:profileinstaller:1.3.0] AndroidManifest.xml:50:17-95
242-->[androidx.profileinstaller:profileinstaller:1.3.0] AndroidManifest.xml:50:25-92
243            </intent-filter>
244        </receiver>
245    </application>
246
247</manifest>